0 info it worked if it ends with ok
1 verbose cli [ '/Users/won/.nvm/versions/node/v5.11.1/bin/node',
1 verbose cli   '/Users/won/.nvm/versions/node/v5.11.1/bin/npm',
1 verbose cli   'run',
1 verbose cli   'watch:js' ]
2 info using npm@3.8.6
3 info using node@v5.11.1
4 verbose run-script [ 'prewatch:js', 'watch:js', 'postwatch:js' ]
5 info lifecycle hotcoldapp@1.0.0~prewatch:js: hotcoldapp@1.0.0
6 silly lifecycle hotcoldapp@1.0.0~prewatch:js: no script for prewatch:js, continuing
7 info lifecycle hotcoldapp@1.0.0~watch:js: hotcoldapp@1.0.0
8 verbose lifecycle hotcoldapp@1.0.0~watch:js: unsafe-perm in lifecycle true
9 verbose lifecycle hotcoldapp@1.0.0~watch:js: PATH: /Users/won/.nvm/versions/node/v5.11.1/lib/node_modules/npm/bin/node-gyp-bin:/Users/won/src/thinkful/react/hotcoldapp/node_modules/.bin:/Users/won/.nvm/versions/node/v5.11.1/bin:/Users/won/.nvm/versions/node/v5.11.1/bin:/usr/local/heroku/bin:/Library/Frameworks/Python.framework/Versions/3.4/bin:/Users/won/.rvm/gems/ruby-2.2.1/bin:/Users/won/.rvm/gems/ruby-2.2.1@global/bin:/Users/won/.rvm/rubies/ruby-2.2.1/bin:/opt/local/bin:/opt/local/sbin:/usr/local/mysql-5.5.42-osx10.8-x86_64/bin:/Users/won/Downloads/adt-bundle-mac-x86_64-20140702/sdk/tools:/Users/won/Downloads/adt-bundle-mac-x86_64-20140702/sdk/platform-tools:/usr/local/bin:/Library/Frameworks/Python.framework/Versions/2.7/bin:/usr/bin:/bin:/usr/sbin:/sbin:/usr/local/bin:/Users/won/.rvm/bin:/Users/won/.rvm/bin
10 verbose lifecycle hotcoldapp@1.0.0~watch:js: CWD: /Users/won/src/thinkful/react/hotcoldapp
11 silly lifecycle hotcoldapp@1.0.0~watch:js: Args: [ '-c', 'webpack --watch' ]
12 silly lifecycle hotcoldapp@1.0.0~watch:js: Returned: code: 1  signal: null
13 info lifecycle hotcoldapp@1.0.0~watch:js: Failed to exec watch:js script
14 verbose stack Error: hotcoldapp@1.0.0 watch:js: `webpack --watch`
14 verbose stack Exit status 1
14 verbose stack     at EventEmitter.<anonymous> (/Users/won/.nvm/versions/node/v5.11.1/lib/node_modules/npm/lib/utils/lifecycle.js:239:16)
14 verbose stack     at emitTwo (events.js:100:13)
14 verbose stack     at EventEmitter.emit (events.js:185:7)
14 verbose stack     at ChildProcess.<anonymous> (/Users/won/.nvm/versions/node/v5.11.1/lib/node_modules/npm/lib/utils/spawn.js:24:14)
14 verbose stack     at emitTwo (events.js:100:13)
14 verbose stack     at ChildProcess.emit (events.js:185:7)
14 verbose stack     at maybeClose (internal/child_process.js:850:16)
14 verbose stack     at Process.ChildProcess._handle.onexit (internal/child_process.js:215:5)
15 verbose pkgid hotcoldapp@1.0.0
16 verbose cwd /Users/won/src/thinkful/react/hotcoldapp
17 error Darwin 15.4.0
18 error argv "/Users/won/.nvm/versions/node/v5.11.1/bin/node" "/Users/won/.nvm/versions/node/v5.11.1/bin/npm" "run" "watch:js"
19 error node v5.11.1
20 error npm  v3.8.6
21 error code ELIFECYCLE
22 error hotcoldapp@1.0.0 watch:js: `webpack --watch`
22 error Exit status 1
23 error Failed at the hotcoldapp@1.0.0 watch:js script 'webpack --watch'.
23 error Make sure you have the latest version of node.js and npm installed.
23 error If you do, this is most likely a problem with the hotcoldapp package,
23 error not with npm itself.
23 error Tell the author that this fails on your system:
23 error     webpack --watch
23 error You can get information on how to open an issue for this project with:
23 error     npm bugs hotcoldapp
23 error Or if that isn't available, you can get their info via:
23 error     npm owner ls hotcoldapp
23 error There is likely additional logging output above.
24 verbose exit [ 1, true ]
